# JRE version: Java(TM) SE Runtime Environment (8.0_172-b11) (build 1.8.0_172-b11)
# Java VM: Java HotSpot(TM) 64-Bit Server VM (25.172-b11 mixed mode linux-amd64 compressed oops)
Heap:
 PSYoungGen      total 1226240K, used 390269K [0x000000076cf00000, 0x00000007c0000000, 0x00000007c0000000)
  eden space 1127424K, 29% used [0x000000076cf00000,0x0000000781776488,0x00000007b1c00000)
  from space 98816K, 54% used [0x00000007b9f80000,0x00000007bd4292c8,0x00000007c0000000)
  to   space 116736K, 0% used [0x00000007b1c00000,0x00000007b1c00000,0x00000007b8e00000)
 ParOldGen       total 276480K, used 128992K [0x00000006c6c00000, 0x00000006d7a00000, 0x000000076cf00000)
  object space 276480K, 46% used [0x00000006c6c00000,0x00000006ce9f8090,0x00000006d7a00000)
 Metaspace       used 169365K, capacity 174776K, committed 175384K, reserved 1204224K
  class space    used 18369K, capacity 19410K, committed 19752K, reserved 1048576K
GC Heap History (10 events):
Event: 891.735 GC heap before
{Heap before GC invocations=26 (full 5):
 PSYoungGen      total 1224704K, used 1224685K [0x000000076cf00000, 0x00000007c0000000, 0x00000007c0000000)
  eden space 1152000K, 100% used [0x000000076cf00000,0x00000007b3400000,0x00000007b3400000)
  from space 72704K, 99% used [0x00000007bb900000,0x00000007bfffb570,0x00000007c0000000)
  to   space 104448K, 0% used [0x00000007b3400000,0x00000007b3400000,0x00000007b9a00000)
 ParOldGen       total 276480K, used 119985K [0x00000006c6c00000, 0x00000006d7a00000, 0x000000076cf00000)
  object space 276480K, 43% used [0x00000006c6c00000,0x00000006ce12c5a8,0x00000006d7a00000)
 Metaspace       used 140182K, capacity 144662K, committed 144920K, reserved 1177600K
  class space    used 15874K, capacity 16897K, committed 16936K, reserved 1048576K
Event: 891.760 GC heap after
Heap after GC invocations=26 (full 5):
 PSYoungGen      total 1256448K, used 29518K [0x000000076cf00000, 0x00000007c0000000, 0x00000007c0000000)
  eden space 1152000K, 0% used [0x000000076cf00000,0x000000076cf00000,0x00000007b3400000)
  from space 104448K, 28% used [0x00000007b3400000,0x00000007b50d3bb8,0x00000007b9a00000)
  to   space 98816K, 0% used [0x00000007b9f80000,0x00000007b9f80000,0x00000007c0000000)
 ParOldGen       total 276480K, used 142839K [0x00000006c6c00000, 0x00000006d7a00000, 0x000000076cf00000)
  object space 276480K, 51% used [0x00000006c6c00000,0x00000006cf77dc68,0x00000006d7a00000)
 Metaspace       used 140182K, capacity 144662K, committed 144920K, reserved 1177600K
  class space    used 15874K, capacity 16897K, committed 16936K, reserved 1048576K
}
Event: 1015.370 GC heap before
{Heap before GC invocations=27 (full 5):
 PSYoungGen      total 1256448K, used 880434K [0x000000076cf00000, 0x00000007c0000000, 0x00000007c0000000)
  eden space 1152000K, 73% used [0x000000076cf00000,0x00000007a0df8ef8,0x00000007b3400000)
  from space 104448K, 28% used [0x00000007b3400000,0x00000007b50d3bb8,0x00000007b9a00000)
  to   space 98816K, 0% used [0x00000007b9f80000,0x00000007b9f80000,0x00000007c0000000)
 ParOldGen       total 276480K, used 142839K [0x00000006c6c00000, 0x00000006d7a00000, 0x000000076cf00000)
  object space 276480K, 51% used [0x00000006c6c00000,0x00000006cf77dc68,0x00000006d7a00000)
 Metaspace       used 146450K, capacity 151670K, committed 151960K, reserved 1183744K
  class space    used 16598K, capacity 17709K, committed 17832K, reserved 1048576K
Event: 1015.394 GC heap after
Heap after GC invocations=27 (full 5):
 PSYoungGen      total 1267712K, used 30746K [0x000000076cf00000, 0x00000007c0000000, 0x00000007c0000000)
  eden space 1168896K, 0% used [0x000000076cf00000,0x000000076cf00000,0x00000007b4480000)
  from space 98816K, 31% used [0x00000007b9f80000,0x00000007bbd86968,0x00000007c0000000)
  to   space 93184K, 0% used [0x00000007b4480000,0x00000007b4480000,0x00000007b9f80000)
 ParOldGen       total 276480K, used 142847K [0x00000006c6c00000, 0x00000006d7a00000, 0x000000076cf00000)
  object space 276480K, 51% used [0x00000006c6c00000,0x00000006cf77fc68,0x00000006d7a00000)
 Metaspace       used 146450K, capacity 151670K, committed 151960K, reserved 1183744K
  class space    used 16598K, capacity 17709K, committed 17832K, reserved 1048576K
}
Event: 1015.394 GC heap before
{Heap before GC invocations=28 (full 6):
 PSYoungGen      total 1267712K, used 30746K [0x000000076cf00000, 0x00000007c0000000, 0x00000007c0000000)
  eden space 1168896K, 0% used [0x000000076cf00000,0x000000076cf00000,0x00000007b4480000)
  from space 98816K, 31% used [0x00000007b9f80000,0x00000007bbd86968,0x00000007c0000000)
  to   space 93184K, 0% used [0x00000007b4480000,0x00000007b4480000,0x00000007b9f80000)
 ParOldGen       total 276480K, used 142847K [0x00000006c6c00000, 0x00000006d7a00000, 0x000000076cf00000)
  object space 276480K, 51% used [0x00000006c6c00000,0x00000006cf77fc68,0x00000006d7a00000)
 Metaspace       used 146450K, capacity 151670K, committed 151960K, reserved 1183744K
  class space    used 16598K, capacity 17709K, committed 17832K, reserved 1048576K
Event: 1015.727 GC heap after
Heap after GC invocations=28 (full 6):
 PSYoungGen      total 1267712K, used 0K [0x000000076cf00000, 0x00000007c0000000, 0x00000007c0000000)
  eden space 1168896K, 0% used [0x000000076cf00000,0x000000076cf00000,0x00000007b4480000)
  from space 98816K, 0% used [0x00000007b9f80000,0x00000007b9f80000,0x00000007c0000000)
  to   space 93184K, 0% used [0x00000007b4480000,0x00000007b4480000,0x00000007b9f80000)
 ParOldGen       total 276480K, used 98249K [0x00000006c6c00000, 0x00000006d7a00000, 0x000000076cf00000)
  object space 276480K, 35% used [0x00000006c6c00000,0x00000006ccbf2688,0x00000006d7a00000)
 Metaspace       used 145659K, capacity 150614K, committed 151960K, reserved 1183744K
  class space    used 16389K, capacity 17269K, committed 17832K, reserved 1048576K
}
Event: 1018.958 GC heap before
{Heap before GC invocations=29 (full 6):
 PSYoungGen      total 1267712K, used 1168896K [0x000000076cf00000, 0x00000007c0000000, 0x00000007c0000000)
  eden space 1168896K, 100% used [0x000000076cf00000,0x00000007b4480000,0x00000007b4480000)
  from space 98816K, 0% used [0x00000007b9f80000,0x00000007b9f80000,0x00000007c0000000)
  to   space 93184K, 0% used [0x00000007b4480000,0x00000007b4480000,0x00000007b9f80000)
 ParOldGen       total 276480K, used 98249K [0x00000006c6c00000, 0x00000006d7a00000, 0x000000076cf00000)
  object space 276480K, 35% used [0x00000006c6c00000,0x00000006ccbf2688,0x00000006d7a00000)
 Metaspace       used 148434K, capacity 153452K, committed 154648K, reserved 1185792K
  class space    used 16608K, capacity 17512K, committed 17960K, reserved 1048576K
Event: 1019.030 GC heap after
Heap after GC invocations=29 (full 6):
 PSYoungGen      total 1262080K, used 93156K [0x000000076cf00000, 0x00000007c0000000, 0x00000007c0000000)
  eden space 1168896K, 0% used [0x000000076cf00000,0x000000076cf00000,0x00000007b4480000)
  from space 93184K, 99% used [0x00000007b4480000,0x00000007b9f793b0,0x00000007b9f80000)
  to   space 98816K, 0% used [0x00000007b9f80000,0x00000007b9f80000,0x00000007c0000000)
 ParOldGen       total 276480K, used 128984K [0x00000006c6c00000, 0x00000006d7a00000, 0x000000076cf00000)
  object space 276480K, 46% used [0x00000006c6c00000,0x00000006ce9f6090,0x00000006d7a00000)
 Metaspace       used 148434K, capacity 153452K, committed 154648K, reserved 1185792K
  class space    used 16608K, capacity 17512K, committed 17960K, reserved 1048576K
}
Event: 1022.436 GC heap before
{Heap before GC invocations=30 (full 6):
 PSYoungGen      total 1262080K, used 1262052K [0x000000076cf00000, 0x00000007c0000000, 0x00000007c0000000)
  eden space 1168896K, 100% used [0x000000076cf00000,0x00000007b4480000,0x00000007b4480000)
  from space 93184K, 99% used [0x00000007b4480000,0x00000007b9f793b0,0x00000007b9f80000)
  to   space 98816K, 0% used [0x00000007b9f80000,0x00000007b9f80000,0x00000007c0000000)
 ParOldGen       total 276480K, used 128984K [0x00000006c6c00000, 0x00000006d7a00000, 0x000000076cf00000)
  object space 276480K, 46% used [0x00000006c6c00000,0x00000006ce9f6090,0x00000006d7a00000)
 Metaspace       used 168131K, capacity 173498K, committed 174232K, reserved 1204224K
  class space    used 18206K, capacity 19245K, committed 19624K, reserved 1048576K
Event: 1022.453 GC heap after
Heap after GC invocations=30 (full 6):
 PSYoungGen      total 1226240K, used 53924K [0x000000076cf00000, 0x00000007c0000000, 0x00000007c0000000)
  eden space 1127424K, 0% used [0x000000076cf00000,0x000000076cf00000,0x00000007b1c00000)
  from space 98816K, 54% used [0x00000007b9f80000,0x00000007bd4292c8,0x00000007c0000000)
  to   space 116736K, 0% used [0x00000007b1c00000,0x00000007b1c00000,0x00000007b8e00000)
 ParOldGen       total 276480K, used 128992K [0x00000006c6c00000, 0x00000006d7a00000, 0x000000076cf00000)
  object space 276480K, 46% used [0x00000006c6c00000,0x00000006ce9f8090,0x00000006d7a00000)
 Metaspace       used 168131K, capacity 173498K, committed 174232K, reserved 1204224K
  class space    used 18206K, capacity 19245K, committed 19624K, reserved 1048576K
}

